<?xml version="1.0" encoding="UTF-8"?>
<testng-results ignored="0" total="1" passed="1" failed="0" skipped="0">
  <reporter-output>
  </reporter-output>
  <suite started-at="2022-11-16T07:49:12 CAT" name="Default suite" finished-at="2022-11-16T07:49:12 CAT" duration-ms="108">
    <groups>
    </groups>
    <test started-at="2022-11-16T07:49:12 CAT" name="Default test" finished-at="2022-11-16T07:49:12 CAT" duration-ms="108">
      <class name="backend.meme.memeGenerator.model.memeTest">
        <test-method signature="constructorShouldSetAllValue()[pri:0, instance:backend.meme.memeGenerator.model.memeTest@31c88ec8]" started-at="2022-11-16T07:49:12 CAT" name="constructorShouldSetAllValue" finished-at="2022-11-16T07:49:12 CAT" duration-ms="19" status="PASS">
          <reporter-output>
          </reporter-output>
        </test-method> <!-- constructorShouldSetAllValue -->
      </class> <!-- backend.meme.memeGenerator.model.memeTest -->
    </test> <!-- Default test -->
  </suite> <!-- Default suite -->
</testng-results>
